/usr/local/lib/python3.7/site-packages/luigi/parameter.py:284: UserWarning: Parameter "task_process_context" with value "None" is not of type string.
  warnings.warn('Parameter "{}" with value "{}" is not of type string.'.format(param_name, param_value))
INFO: Informed scheduler that task   Generate_Strain_Datasets_10__Users_laurenmak_10_7d3905620a   has status   PENDING
INFO: Informed scheduler that task   Make_Single_Dataset_9__Users_laurenmak_10_73405b6326   has status   PENDING
INFO: Informed scheduler that task   Make_Single_Dataset_8__Users_laurenmak_10_bd5da74580   has status   PENDING
INFO: Informed scheduler that task   Make_Single_Dataset_7__Users_laurenmak_10_bc20ea6003   has status   PENDING
INFO: Informed scheduler that task   Make_Single_Dataset_6__Users_laurenmak_10_3437589f67   has status   PENDING
INFO: Informed scheduler that task   Make_Single_Dataset_5__Users_laurenmak_10_5d819a7a53   has status   PENDING
INFO: Informed scheduler that task   Make_Single_Dataset_4__Users_laurenmak_10_4fc4758fa1   has status   PENDING
INFO: Informed scheduler that task   Make_Single_Dataset_3__Users_laurenmak_10_18df0b1995   has status   PENDING
INFO: Informed scheduler that task   Make_Single_Dataset_2__Users_laurenmak_10_29d3bbd223   has status   PENDING
INFO: Informed scheduler that task   Make_Single_Dataset_1__Users_laurenmak_10_5482de4544   has status   PENDING
INFO: Informed scheduler that task   Make_Single_Dataset_0__Users_laurenmak_10_1ad9a88e04   has status   PENDING
INFO: Done scheduling tasks
INFO: Running Worker with 1 processes
INFO: [pid 36149] Worker Worker(salt=771242994, workers=1, host=MAC204477, username=laurenmak, pid=36149) running   Make_Single_Dataset(idx=6, num_variants=10, num_train_datasets=15, num_test_datasets=5, num_samples_per_dataset=10, num_strains_per_sample=5, master_dir=/Users/laurenmak/Dropbox/workspace/constrained_lda/sim_datasets)
INFO: [pid 36149] Worker Worker(salt=771242994, workers=1, host=MAC204477, username=laurenmak, pid=36149) done      Make_Single_Dataset(idx=6, num_variants=10, num_train_datasets=15, num_test_datasets=5, num_samples_per_dataset=10, num_strains_per_sample=5, master_dir=/Users/laurenmak/Dropbox/workspace/constrained_lda/sim_datasets)
INFO: Informed scheduler that task   Make_Single_Dataset_6__Users_laurenmak_10_3437589f67   has status   DONE
INFO: [pid 36149] Worker Worker(salt=771242994, workers=1, host=MAC204477, username=laurenmak, pid=36149) running   Make_Single_Dataset(idx=9, num_variants=10, num_train_datasets=15, num_test_datasets=5, num_samples_per_dataset=10, num_strains_per_sample=5, master_dir=/Users/laurenmak/Dropbox/workspace/constrained_lda/sim_datasets)
INFO: [pid 36149] Worker Worker(salt=771242994, workers=1, host=MAC204477, username=laurenmak, pid=36149) done      Make_Single_Dataset(idx=9, num_variants=10, num_train_datasets=15, num_test_datasets=5, num_samples_per_dataset=10, num_strains_per_sample=5, master_dir=/Users/laurenmak/Dropbox/workspace/constrained_lda/sim_datasets)
INFO: Informed scheduler that task   Make_Single_Dataset_9__Users_laurenmak_10_73405b6326   has status   DONE
INFO: [pid 36149] Worker Worker(salt=771242994, workers=1, host=MAC204477, username=laurenmak, pid=36149) running   Make_Single_Dataset(idx=0, num_variants=10, num_train_datasets=15, num_test_datasets=5, num_samples_per_dataset=10, num_strains_per_sample=5, master_dir=/Users/laurenmak/Dropbox/workspace/constrained_lda/sim_datasets)
INFO: [pid 36149] Worker Worker(salt=771242994, workers=1, host=MAC204477, username=laurenmak, pid=36149) done      Make_Single_Dataset(idx=0, num_variants=10, num_train_datasets=15, num_test_datasets=5, num_samples_per_dataset=10, num_strains_per_sample=5, master_dir=/Users/laurenmak/Dropbox/workspace/constrained_lda/sim_datasets)
INFO: Informed scheduler that task   Make_Single_Dataset_0__Users_laurenmak_10_1ad9a88e04   has status   DONE
INFO: [pid 36149] Worker Worker(salt=771242994, workers=1, host=MAC204477, username=laurenmak, pid=36149) running   Make_Single_Dataset(idx=7, num_variants=10, num_train_datasets=15, num_test_datasets=5, num_samples_per_dataset=10, num_strains_per_sample=5, master_dir=/Users/laurenmak/Dropbox/workspace/constrained_lda/sim_datasets)
INFO: [pid 36149] Worker Worker(salt=771242994, workers=1, host=MAC204477, username=laurenmak, pid=36149) done      Make_Single_Dataset(idx=7, num_variants=10, num_train_datasets=15, num_test_datasets=5, num_samples_per_dataset=10, num_strains_per_sample=5, master_dir=/Users/laurenmak/Dropbox/workspace/constrained_lda/sim_datasets)
INFO: Informed scheduler that task   Make_Single_Dataset_7__Users_laurenmak_10_bc20ea6003   has status   DONE
INFO: [pid 36149] Worker Worker(salt=771242994, workers=1, host=MAC204477, username=laurenmak, pid=36149) running   Make_Single_Dataset(idx=8, num_variants=10, num_train_datasets=15, num_test_datasets=5, num_samples_per_dataset=10, num_strains_per_sample=5, master_dir=/Users/laurenmak/Dropbox/workspace/constrained_lda/sim_datasets)
INFO: [pid 36149] Worker Worker(salt=771242994, workers=1, host=MAC204477, username=laurenmak, pid=36149) done      Make_Single_Dataset(idx=8, num_variants=10, num_train_datasets=15, num_test_datasets=5, num_samples_per_dataset=10, num_strains_per_sample=5, master_dir=/Users/laurenmak/Dropbox/workspace/constrained_lda/sim_datasets)
INFO: Informed scheduler that task   Make_Single_Dataset_8__Users_laurenmak_10_bd5da74580   has status   DONE
INFO: [pid 36149] Worker Worker(salt=771242994, workers=1, host=MAC204477, username=laurenmak, pid=36149) running   Make_Single_Dataset(idx=4, num_variants=10, num_train_datasets=15, num_test_datasets=5, num_samples_per_dataset=10, num_strains_per_sample=5, master_dir=/Users/laurenmak/Dropbox/workspace/constrained_lda/sim_datasets)
INFO: [pid 36149] Worker Worker(salt=771242994, workers=1, host=MAC204477, username=laurenmak, pid=36149) done      Make_Single_Dataset(idx=4, num_variants=10, num_train_datasets=15, num_test_datasets=5, num_samples_per_dataset=10, num_strains_per_sample=5, master_dir=/Users/laurenmak/Dropbox/workspace/constrained_lda/sim_datasets)
INFO: Informed scheduler that task   Make_Single_Dataset_4__Users_laurenmak_10_4fc4758fa1   has status   DONE
INFO: [pid 36149] Worker Worker(salt=771242994, workers=1, host=MAC204477, username=laurenmak, pid=36149) running   Make_Single_Dataset(idx=3, num_variants=10, num_train_datasets=15, num_test_datasets=5, num_samples_per_dataset=10, num_strains_per_sample=5, master_dir=/Users/laurenmak/Dropbox/workspace/constrained_lda/sim_datasets)
INFO: [pid 36149] Worker Worker(salt=771242994, workers=1, host=MAC204477, username=laurenmak, pid=36149) done      Make_Single_Dataset(idx=3, num_variants=10, num_train_datasets=15, num_test_datasets=5, num_samples_per_dataset=10, num_strains_per_sample=5, master_dir=/Users/laurenmak/Dropbox/workspace/constrained_lda/sim_datasets)
INFO: Informed scheduler that task   Make_Single_Dataset_3__Users_laurenmak_10_18df0b1995   has status   DONE
INFO: [pid 36149] Worker Worker(salt=771242994, workers=1, host=MAC204477, username=laurenmak, pid=36149) running   Make_Single_Dataset(idx=2, num_variants=10, num_train_datasets=15, num_test_datasets=5, num_samples_per_dataset=10, num_strains_per_sample=5, master_dir=/Users/laurenmak/Dropbox/workspace/constrained_lda/sim_datasets)
INFO: [pid 36149] Worker Worker(salt=771242994, workers=1, host=MAC204477, username=laurenmak, pid=36149) done      Make_Single_Dataset(idx=2, num_variants=10, num_train_datasets=15, num_test_datasets=5, num_samples_per_dataset=10, num_strains_per_sample=5, master_dir=/Users/laurenmak/Dropbox/workspace/constrained_lda/sim_datasets)
INFO: Informed scheduler that task   Make_Single_Dataset_2__Users_laurenmak_10_29d3bbd223   has status   DONE
INFO: [pid 36149] Worker Worker(salt=771242994, workers=1, host=MAC204477, username=laurenmak, pid=36149) running   Make_Single_Dataset(idx=1, num_variants=10, num_train_datasets=15, num_test_datasets=5, num_samples_per_dataset=10, num_strains_per_sample=5, master_dir=/Users/laurenmak/Dropbox/workspace/constrained_lda/sim_datasets)
INFO: [pid 36149] Worker Worker(salt=771242994, workers=1, host=MAC204477, username=laurenmak, pid=36149) done      Make_Single_Dataset(idx=1, num_variants=10, num_train_datasets=15, num_test_datasets=5, num_samples_per_dataset=10, num_strains_per_sample=5, master_dir=/Users/laurenmak/Dropbox/workspace/constrained_lda/sim_datasets)
INFO: Informed scheduler that task   Make_Single_Dataset_1__Users_laurenmak_10_5482de4544   has status   DONE
INFO: [pid 36149] Worker Worker(salt=771242994, workers=1, host=MAC204477, username=laurenmak, pid=36149) running   Make_Single_Dataset(idx=5, num_variants=10, num_train_datasets=15, num_test_datasets=5, num_samples_per_dataset=10, num_strains_per_sample=5, master_dir=/Users/laurenmak/Dropbox/workspace/constrained_lda/sim_datasets)
INFO: [pid 36149] Worker Worker(salt=771242994, workers=1, host=MAC204477, username=laurenmak, pid=36149) done      Make_Single_Dataset(idx=5, num_variants=10, num_train_datasets=15, num_test_datasets=5, num_samples_per_dataset=10, num_strains_per_sample=5, master_dir=/Users/laurenmak/Dropbox/workspace/constrained_lda/sim_datasets)
INFO: Informed scheduler that task   Make_Single_Dataset_5__Users_laurenmak_10_5d819a7a53   has status   DONE
INFO: [pid 36149] Worker Worker(salt=771242994, workers=1, host=MAC204477, username=laurenmak, pid=36149) running   Generate_Strain_Datasets(attempts=10, num_variants=10, master_dir=/Users/laurenmak/Dropbox/workspace/constrained_lda/sim_datasets)
INFO: [pid 36149] Worker Worker(salt=771242994, workers=1, host=MAC204477, username=laurenmak, pid=36149) done      Generate_Strain_Datasets(attempts=10, num_variants=10, master_dir=/Users/laurenmak/Dropbox/workspace/constrained_lda/sim_datasets)
INFO: Informed scheduler that task   Generate_Strain_Datasets_10__Users_laurenmak_10_7d3905620a   has status   DONE
INFO: Worker Worker(salt=771242994, workers=1, host=MAC204477, username=laurenmak, pid=36149) was stopped. Shutting down Keep-Alive thread
INFO: 
===== Luigi Execution Summary =====

Scheduled 11 tasks of which:
* 11 ran successfully:
    - 1 Generate_Strain_Datasets(attempts=10, num_variants=10, master_dir=/Users/laurenmak/Dropbox/workspace/constrained_lda/sim_datasets)
    - 10 Make_Single_Dataset(...)

This progress looks :) because there were no failed tasks or missing dependencies

===== Luigi Execution Summary =====

